Thu Apr 17 06:13:23 UTC 2025
Thu Apr 17 13:34:16 UTC 2025
Fri Apr 18 13:16:17 UTC 2025
Sat Apr 19 13:02:59 UTC 2025
Sun Apr 20 13:14:52 UTC 2025
Mon Apr 21 13:18:00 UTC 2025
Tue Apr 22 13:35:19 UTC 2025
Wed Apr 23 13:36:33 UTC 2025
Thu Apr 24 13:36:52 UTC 2025
Fri Apr 25 13:34:14 UTC 2025
Sat Apr 26 13:04:17 UTC 2025
Sun Apr 27 13:04:59 UTC 2025
Mon Apr 28 13:50:32 UTC 2025
Tue Apr 29 13:44:31 UTC 2025
Wed Apr 30 13:35:26 UTC 2025
Thu May  1 13:33:21 UTC 2025
Fri May  2 13:34:40 UTC 2025
Sat May  3 13:13:49 UTC 2025
Sun May  4 13:14:31 UTC 2025
Mon May  5 13:36:45 UTC 2025
Tue May  6 13:41:23 UTC 2025
Wed May  7 13:43:06 UTC 2025
Thu May  8 13:35:37 UTC 2025
Fri May  9 13:36:02 UTC 2025
Sat May 10 13:14:07 UTC 2025
Sun May 11 13:14:25 UTC 2025
Mon May 12 13:42:39 UTC 2025
Tue May 13 13:43:28 UTC 2025
Wed May 14 13:38:19 UTC 2025
Thu May 15 13:37:28 UTC 2025
Fri May 16 13:37:11 UTC 2025
Sat May 17 13:14:19 UTC 2025
Sun May 18 12:42:25 UTC 2025
Mon May 19 12:50:10 UTC 2025
Tue May 20 12:49:49 UTC 2025
Wed May 21 12:49:35 UTC 2025
Thu May 22 12:49:37 UTC 2025
Fri May 23 12:47:28 UTC 2025
Sat May 24 12:41:56 UTC 2025
Sun May 25 12:42:45 UTC 2025
Mon May 26 12:47:01 UTC 2025
